0 info it worked if it ends with ok
1 verbose cli [ '/usr/bin/node', '/usr/bin/npm', 'start' ]
2 info using npm@3.10.10
3 info using node@v6.9.4
4 verbose run-script [ 'prestart', 'start', 'poststart' ]
5 info lifecycle run_js@~prestart: run_js@
6 silly lifecycle run_js@~prestart: no script for prestart, continuing
7 info lifecycle run_js@~start: run_js@
8 verbose lifecycle run_js@~start: unsafe-perm in lifecycle true
9 verbose lifecycle run_js@~start: PATH: /usr/lib64/node_modules/npm/bin/node-gyp-bin:/home/rolandas/lin_home/develop/js/code_wars_ep2/node_modules/.bin:/usr/local/bin:/usr/bin:/bin:/opt/bin:/usr/x86_64-pc-linux-gnu/gcc-bin/4.9.4:/usr/games/bin:/opt/vmware/bin:/home/rolandas/programs:/home/rolandas/bin/groovy-2.4.5/bin
10 verbose lifecycle run_js@~start: CWD: /home/rolandas/lin_home/develop/js/code_wars_ep2
11 silly lifecycle run_js@~start: Args: [ '-c', 'node src/main.js' ]
12 silly lifecycle run_js@~start: Returned: code: 1  signal: null
13 info lifecycle run_js@~start: Failed to exec start script
14 verbose stack Error: run_js@ start: `node src/main.js`
14 verbose stack Exit status 1
14 verbose stack     at EventEmitter.<anonymous> (/usr/lib64/node_modules/npm/lib/utils/lifecycle.js:255:16)
14 verbose stack     at emitTwo (events.js:106:13)
14 verbose stack     at EventEmitter.emit (events.js:191:7)
14 verbose stack     at ChildProcess.<anonymous> (/usr/lib64/node_modules/npm/lib/utils/spawn.js:40:14)
14 verbose stack     at emitTwo (events.js:106:13)
14 verbose stack     at ChildProcess.emit (events.js:191:7)
14 verbose stack     at maybeClose (internal/child_process.js:877:16)
14 verbose stack     at Process.ChildProcess._handle.onexit (internal/child_process.js:226:5)
15 verbose pkgid run_js@
16 verbose cwd /home/rolandas/lin_home/develop/js/code_wars_ep2
17 error Linux 4.4.39-gentoo
18 error argv "/usr/bin/node" "/usr/bin/npm" "start"
19 error node v6.9.4
20 error npm  v3.10.10
21 error code ELIFECYCLE
22 error run_js@ start: `node src/main.js`
22 error Exit status 1
23 error Failed at the run_js@ start script 'node src/main.js'.
23 error Make sure you have the latest version of node.js and npm installed.
23 error If you do, this is most likely a problem with the run_js package,
23 error not with npm itself.
23 error Tell the author that this fails on your system:
23 error     node src/main.js
23 error You can get information on how to open an issue for this project with:
23 error     npm bugs run_js
23 error Or if that isn't available, you can get their info via:
23 error     npm owner ls run_js
23 error There is likely additional logging output above.
24 verbose exit [ 1, true ]
